<?xml version="1.0" encoding="UTF-8"?>
<!-- Generated by org.testng.reporters.JUnitXMLReporter -->
<testsuite hostname="USHYDEBANBHATT5" name="search Maven All" tests="3" failures="1" timestamp="11 Aug 2018 14:58:08 GMT" time="32.806" errors="0">
  <testcase name="test" time="0.006" classname="com.google.search.Test1"/>
  <testcase name="test" time="0.003" classname="com.google.search.Test2">
    <failure type="java.lang.AssertionError" message="expected [true] but found [false]">
      <![CDATA[java.lang.AssertionError: expected [true] but found [false]
	at com.google.search.Test2.test(Test2.java:19)
... Removed 28 stack frames]]>
    </failure>
  </testcase> <!-- test -->
  <testcase name="test" time="0.001" classname="com.google.search.Test3"/>
</testsuite> <!-- search Maven All -->
